nohup: ignoring input
Processed: 01.breast
Processed: 02.colorectal
Processed: 03.prostate
Processed: 04.lung
Processed: 05.melanoma
Processed: 06.urinaryBladder
Processed: 07.lymphoidNeoplasms
Processed: 08.cervix
Processed: 09.kidney
Processed: 10.ovary
Processed: 11.otherDigestive
Processed: 12.uterus
Processed: 13.esophagus
Processed: 14.stomach
Processed: 15.myeloidNeoplasms
Processed: 16.headAndNeck
Processed: 17.pancreas
Processed: 18.liver
Processed: 19.otherFemaleGenital
Processed: 20.tCellAndNKCellNeoplasms
Processed: 21.otherRespiratory
Processed: 22.gallbladderAndBiliaryTract
Processed: 23.softTissueSarcoma
Processed: 24.otherUrinaryOrgans
Processed: 25.thyroid
Processed: 26.smallIntestine
Processed: 27.brain
Processed: 28.anus
Processed: 29.eyeAndOrbit
Processed: 30.bone
Processed: 31.testis
Processed: 32.mesothelioma
Processed: 33.otherEndocrine
